{
  "uid" : "80ecdcbdf9a74e60",
  "name" : "Verify ' Logged in as username' at top",
  "fullName" : "Verify ' Logged in as username' at top",
  "historyId" : "a868bfe77b2fa4ad77bf4324483f8575",
  "time" : {
    "start" : 1670996529225,
    "stop" : 1670996530286,
    "duration" : 1061
  },
  "status" : "failed",
  "statusMessage" : "Timed out retrying after 1000ms: Expected to find element: `li:nth-of-type(10) > a`, but never found it.",
  "statusTrace" : "AssertionError: Timed out retrying after 1000ms: Expected to find element: `li:nth-of-type(10) > a`, but never found it.\n    at Context.eval (webpack:///./cypress/e2e/TestCases/TestCaseFromSite/testCase23VerifyAddressDetailsInCheckoutPage.cy.js:410:5)",
  "flaky" : false,
  "newFailed" : false,
  "beforeStages" : [ ],
  "testStage" : {
    "status" : "failed",
    "statusMessage" : "Timed out retrying after 1000ms: Expected to find element: `li:nth-of-type(10) > a`, but never found it.",
    "statusTrace" : "AssertionError: Timed out retrying after 1000ms: Expected to find element: `li:nth-of-type(10) > a`, but never found it.\n    at Context.eval (webpack:///./cypress/e2e/TestCases/TestCaseFromSite/testCase23VerifyAddressDetailsInCheckoutPage.cy.js:410:5)",
    "steps" : [ {
      "name" : "\"before each\" hook",
      "time" : {
        "start" : 1670996529226,
        "stop" : 1670996529232,
        "duration" : 6
      },
      "status" : "passed",
      "steps" : [ {
        "name" : "csrfCookies",
        "time" : {
          "start" : 1670996529232,
          "stop" : 1670996529232,
          "duration" : 0
        },
        "status" : "passed",
        "steps" : [ ],
        "attachments" : [ ],
        "parameters" : [ ],
        "attachmentsCount" : 0,
        "shouldDisplayMessage" : false,
        "hasContent" : false,
        "stepsCount" : 0
      } ],
      "attachments" : [ ],
      "parameters" : [ ],
      "attachmentsCount" : 0,
      "shouldDisplayMessage" : false,
      "hasContent" : true,
      "stepsCount" : 1
    }, {
      "name" : "assert expected **li:nth-of-type(10) > a** to be **visible**",
      "time" : {
        "start" : 1670996529233,
        "stop" : 1670996530286,
        "duration" : 1053
      },
      "status" : "failed",
      "steps" : [ ],
      "attachments" : [ ],
      "parameters" : [ ],
      "attachmentsCount" : 0,
      "shouldDisplayMessage" : false,
      "hasContent" : false,
      "stepsCount" : 0
    }, {
      "name" : "get li:nth-of-type(10) > a",
      "time" : {
        "start" : 1670996530286,
        "stop" : 1670996530286,
        "duration" : 0
      },
      "status" : "failed",
      "steps" : [ ],
      "attachments" : [ ],
      "parameters" : [ ],
      "attachmentsCount" : 0,
      "shouldDisplayMessage" : false,
      "hasContent" : false,
      "stepsCount" : 0
    } ],
    "attachments" : [ {
      "uid" : "60ee707fc0c1280e",
      "name" : "cypress/e2e/TestCases/TestCaseFromSite/testCase23VerifyAddressDetailsInCheckoutPage.cy.js:2022-12-14T05:42:10.227Z",
      "source" : "60ee707fc0c1280e.png",
      "type" : "image/png",
      "size" : 93420
    } ],
    "parameters" : [ ],
    "attachmentsCount" : 1,
    "shouldDisplayMessage" : true,
    "hasContent" : true,
    "stepsCount" : 4
  },
  "afterStages" : [ ],
  "labels" : [ {
    "name" : "suite",
    "value" : "Test Case 23: Verify address details in checkout page"
  }, {
    "name" : "resultFormat",
    "value" : "allure2"
  } ],
  "parameters" : [ ],
  "links" : [ ],
  "hidden" : false,
  "retry" : false,
  "extra" : {
    "severity" : "normal",
    "retries" : [ ],
    "categories" : [ {
      "name" : "Product defects",
      "matchedStatuses" : [ ],
      "flaky" : false
    } ],
    "tags" : [ ]
  },
  "source" : "80ecdcbdf9a74e60.json",
  "parameterValues" : [ ]
}