{
  "uid" : "c38e153c8275942b",
  "name" : "Verify 'ACCOUNT CREATED!' and click 'Continue' button",
  "fullName" : "Verify 'ACCOUNT CREATED!' and click 'Continue' button",
  "historyId" : "1cab59a529dc59550a4291cc5e92216b",
  "time" : {
    "start" : 1670996548014,
    "stop" : 1670996549104,
    "duration" : 1090
  },
  "status" : "failed",
  "statusMessage" : "Timed out retrying after 1000ms: Expected to find element: `.text-center.title > b`, but never found it.",
  "statusTrace" : "AssertionError: Timed out retrying after 1000ms: Expected to find element: `.text-center.title > b`, but never found it.\n    at Context.eval (webpack:///./cypress/e2e/TestCases/TestCaseFromSite/testCase24DownloadInvoiceAfterPurchaseOrder.cy.js:376:5)",
  "flaky" : false,
  "newFailed" : false,
  "beforeStages" : [ ],
  "testStage" : {
    "status" : "failed",
    "statusMessage" : "Timed out retrying after 1000ms: Expected to find element: `.text-center.title > b`, but never found it.",
    "statusTrace" : "AssertionError: Timed out retrying after 1000ms: Expected to find element: `.text-center.title > b`, but never found it.\n    at Context.eval (webpack:///./cypress/e2e/TestCases/TestCaseFromSite/testCase24DownloadInvoiceAfterPurchaseOrder.cy.js:376:5)",
    "steps" : [ {
      "name" : "\"before each\" hook",
      "time" : {
        "start" : 1670996548014,
        "stop" : 1670996548044,
        "duration" : 30
      },
      "status" : "passed",
      "steps" : [ {
        "name" : "csrfCookies",
        "time" : {
          "start" : 1670996548044,
          "stop" : 1670996548044,
          "duration" : 0
        },
        "status" : "passed",
        "steps" : [ ],
        "attachments" : [ ],
        "parameters" : [ ],
        "attachmentsCount" : 0,
        "shouldDisplayMessage" : false,
        "hasContent" : false,
        "stepsCount" : 0
      } ],
      "attachments" : [ ],
      "parameters" : [ ],
      "attachmentsCount" : 0,
      "shouldDisplayMessage" : false,
      "hasContent" : true,
      "stepsCount" : 1
    }, {
      "name" : "assert expected **.text-center.title > b** to be **visible**",
      "time" : {
        "start" : 1670996548045,
        "stop" : 1670996549104,
        "duration" : 1059
      },
      "status" : "failed",
      "steps" : [ ],
      "attachments" : [ ],
      "parameters" : [ ],
      "attachmentsCount" : 0,
      "shouldDisplayMessage" : false,
      "hasContent" : false,
      "stepsCount" : 0
    }, {
      "name" : "get .text-center.title > b",
      "time" : {
        "start" : 1670996549104,
        "stop" : 1670996549104,
        "duration" : 0
      },
      "status" : "failed",
      "steps" : [ ],
      "attachments" : [ ],
      "parameters" : [ ],
      "attachmentsCount" : 0,
      "shouldDisplayMessage" : false,
      "hasContent" : false,
      "stepsCount" : 0
    } ],
    "attachments" : [ {
      "uid" : "62002a18123dc732",
      "name" : "cypress/e2e/TestCases/TestCaseFromSite/testCase24DownloadInvoiceAfterPurchaseOrder.cy.js:2022-12-14T05:42:29.044Z",
      "source" : "62002a18123dc732.png",
      "type" : "image/png",
      "size" : 98291
    } ],
    "parameters" : [ ],
    "attachmentsCount" : 1,
    "shouldDisplayMessage" : true,
    "hasContent" : true,
    "stepsCount" : 4
  },
  "afterStages" : [ ],
  "labels" : [ {
    "name" : "suite",
    "value" : "Test Case 24: Download Invoice after purchase order"
  }, {
    "name" : "resultFormat",
    "value" : "allure2"
  } ],
  "parameters" : [ ],
  "links" : [ ],
  "hidden" : false,
  "retry" : false,
  "extra" : {
    "severity" : "normal",
    "retries" : [ ],
    "categories" : [ {
      "name" : "Product defects",
      "matchedStatuses" : [ ],
      "flaky" : false
    } ],
    "tags" : [ ]
  },
  "source" : "c38e153c8275942b.json",
  "parameterValues" : [ ]
}